22_09_25-18:29:03-3:SKT1_l3mpi:0:0
22_09_25-18:29:03-3:SKT0_l2mpi:0.0006:0
22_09_25-18:29:03-3:SKT0_l3occ:30432:0
22_09_25-18:29:03-3:TOTAL_ipc:0.39:0
22_09_25-18:29:03-3:SKT0_l3miss:1097000:0
22_09_25-18:29:03-3:SKT1_l2miss:969000:0
22_09_25-18:29:03-3:SKT0_l2hit:0.24:0
22_09_25-18:29:03-3:SKT1_l3hit:0.72:0
22_09_25-18:29:03-3:TOTAL_l2hit:0.27:0
22_09_25-18:29:03-3:TOTAL_l3miss:1369000:0
22_09_25-18:29:03-3:TOTAL_l2mpi:0.0003:0
22_09_25-18:29:03-3:Memory:98.67:0
22_09_25-18:29:03-3:Read:50.28:0
22_09_25-18:29:03-3:SKT0_ipc:0.42:0
22_09_25-18:29:03-3:Write:48.39:0
22_09_25-18:29:03-3:TOTAL_l3occ:0:0
22_09_25-18:29:03-3:SKT1_ipc:0.37:0
22_09_25-18:29:03-3:SKT1_l2hit:0.51:0
22_09_25-18:29:03-3:SKT0_l3hit:0.92:0
22_09_25-18:29:03-3:SKT1_l3occ:14928:0
22_09_25-18:29:03-3:SKT0_l2miss:14000000:0
22_09_25-18:29:03-3:SKT1_l3miss:272000:0
22_09_25-18:29:03-3:TOTAL_l2miss:14000000:0
22_09_25-18:29:03-3:TOTAL_l3mpi:0:0
22_09_25-18:29:03-3:SKT0_l3mpi:0:0
22_09_25-18:29:03-3:SKT1_l2mpi:0:0
22_09_25-18:29:03-3:TOTAL_l3hit:0.91:0
