22_09_25-18:29:03-1:SKT1_ipc:0.37:0
22_09_25-18:29:03-1:SKT0_l3hit:0.49:0
22_09_25-18:29:03-1:SKT1_l2hit:0.57:0
22_09_25-18:29:03-1:SKT1_l3miss:216000:0
22_09_25-18:29:03-1:SKT0_l2miss:1389000:0
22_09_25-18:29:03-1:SKT1_l3occ:13536:0
22_09_25-18:29:03-1:TOTAL_l2miss:2107000:0
22_09_25-18:29:03-1:TOTAL_l3mpi:0:0
22_09_25-18:29:03-1:TOTAL_l3hit:0.56:0
22_09_25-18:29:03-1:SKT1_l2mpi:0:0
22_09_25-18:29:03-1:SKT0_l3mpi:0:0
22_09_25-18:29:03-1:SKT1_l3mpi:0:0
22_09_25-18:29:03-1:SKT0_l2mpi:0.0001:0
22_09_25-18:29:03-1:SKT1_l2miss:717000:0
22_09_25-18:29:03-1:SKT0_l3miss:705000:0
22_09_25-18:29:03-1:TOTAL_ipc:0.38:0
22_09_25-18:29:03-1:SKT0_l3occ:30576:0
22_09_25-18:29:03-1:SKT0_l2hit:0.62:0
22_09_25-18:29:03-1:SKT1_l3hit:0.7:0
22_09_25-18:29:03-1:TOTAL_l2hit:0.6:0
22_09_25-18:29:03-1:TOTAL_l2mpi:0.0001:0
22_09_25-18:29:03-1:TOTAL_l3miss:922000:0
22_09_25-18:29:03-1:Memory:34.38:0
22_09_25-18:29:03-1:Write:16.79:0
22_09_25-18:29:03-1:SKT0_ipc:0.38:0
22_09_25-18:29:03-1:Read:17.59:0
22_09_25-18:29:03-1:TOTAL_l3occ:0:0
