22_09_25-17:02:31-2:SKT0_l2mpi:0.0001:0
22_09_25-17:02:31-2:SKT1_l3mpi:0:0
22_09_25-17:02:31-2:SKT0_l2hit:0.61:0
22_09_25-17:02:31-2:SKT1_l3hit:0.73:0
22_09_25-17:02:31-2:SKT0_l3occ:31104:0
22_09_25-17:02:31-2:TOTAL_ipc:0.38:0
22_09_25-17:02:31-2:SKT1_l2miss:754000:0
22_09_25-17:02:31-2:SKT0_l3miss:645000:0
22_09_25-17:02:31-2:TOTAL_l2mpi:0.0001:0
22_09_25-17:02:31-2:TOTAL_l3miss:851000:0
22_09_25-17:02:31-2:Memory:35.2:0
22_09_25-17:02:31-2:TOTAL_l2hit:0.59:0
22_09_25-17:02:31-2:TOTAL_l3occ:0:0
22_09_25-17:02:31-2:Write:17.18:0
22_09_25-17:02:31-2:Read:18.02:0
22_09_25-17:02:31-2:SKT0_ipc:0.39:0
22_09_25-17:02:31-2:SKT1_ipc:0.37:0
22_09_25-17:02:31-2:SKT1_l3occ:10416:0
22_09_25-17:02:31-2:SKT0_l2miss:1329000:0
22_09_25-17:02:31-2:SKT1_l3miss:206000:0
22_09_25-17:02:31-2:SKT1_l2hit:0.56:0
22_09_25-17:02:31-2:SKT0_l3hit:0.51:0
22_09_25-17:02:31-2:SKT0_l3mpi:0:0
22_09_25-17:02:31-2:SKT1_l2mpi:0:0
22_09_25-17:02:31-2:TOTAL_l3hit:0.59:0
22_09_25-17:02:31-2:TOTAL_l3mpi:0:0
22_09_25-17:02:31-2:TOTAL_l2miss:2083000:0
