22_09_25-18:29:03-2:SKT1_ipc:0.37:0
22_09_25-18:29:03-2:SKT1_l2mpi:0:0
22_09_25-18:29:03-2:SKT0_l3mpi:0:0
22_09_25-18:29:03-2:TOTAL_l3hit:0.56:0
22_09_25-18:29:03-2:TOTAL_l2miss:2206000:0
22_09_25-18:29:03-2:TOTAL_l3mpi:0:0
22_09_25-18:29:03-2:SKT1_l3occ:11040:0
22_09_25-18:29:03-2:SKT1_l3miss:211000:0
22_09_25-18:29:03-2:SKT0_l2miss:1465000:0
22_09_25-18:29:03-2:SKT0_l3hit:0.48:0
22_09_25-18:29:03-2:SKT1_l2hit:0.57:0
22_09_25-18:29:03-2:SKT0_l2hit:0.63:0
22_09_25-18:29:03-2:SKT1_l3hit:0.72:0
22_09_25-18:29:03-2:TOTAL_ipc:0.38:0
22_09_25-18:29:03-2:SKT0_l3occ:31104:0
22_09_25-18:29:03-2:SKT1_l2miss:741000:0
22_09_25-18:29:03-2:SKT0_l3miss:759000:0
22_09_25-18:29:03-2:SKT0_l2mpi:0.0001:0
22_09_25-18:29:03-2:SKT1_l3mpi:0:0
22_09_25-18:29:03-2:TOTAL_l3occ:0:0
22_09_25-18:29:03-2:Write:36.05:0
22_09_25-18:29:03-2:Read:32.67:0
22_09_25-18:29:03-2:SKT0_ipc:0.38:0
22_09_25-18:29:03-2:TOTAL_l2mpi:0.0001:0
22_09_25-18:29:03-2:Memory:68.72:0
22_09_25-18:29:03-2:TOTAL_l3miss:971000:0
22_09_25-18:29:03-2:TOTAL_l2hit:0.61:0
