22_09_25-21:40:51-1:TOTAL_l2hit:0.63:0
22_09_25-21:40:51-1:TOTAL_l2mpi:0.0001:0
22_09_25-21:40:51-1:Memory:35.64:0
22_09_25-21:40:51-1:TOTAL_l3miss:888000:0
22_09_25-21:40:51-1:SKT0_ipc:0.38:0
22_09_25-21:40:51-1:Read:18.41:0
22_09_25-21:40:51-1:Write:17.23:0
22_09_25-21:40:51-1:TOTAL_l3occ:0:0
22_09_25-21:40:51-1:SKT0_l2mpi:0.0001:0
22_09_25-21:40:51-1:SKT1_l3mpi:0:0
22_09_25-21:40:51-1:SKT0_l3miss:679000:0
22_09_25-21:40:51-1:SKT1_l2miss:744000:0
22_09_25-21:40:51-1:SKT0_l3occ:30336:0
22_09_25-21:40:51-1:TOTAL_ipc:0.38:0
22_09_25-21:40:51-1:SKT1_l3hit:0.72:0
22_09_25-21:40:51-1:SKT0_l2hit:0.66:0
22_09_25-21:40:51-1:SKT1_l2hit:0.56:0
22_09_25-21:40:51-1:SKT0_l3hit:0.51:0
22_09_25-21:40:51-1:SKT1_l3miss:208000:0
22_09_25-21:40:51-1:SKT0_l2miss:1382000:0
22_09_25-21:40:51-1:SKT1_l3occ:15264:0
22_09_25-21:40:51-1:TOTAL_l2miss:2127000:0
22_09_25-21:40:51-1:TOTAL_l3mpi:0:0
22_09_25-21:40:51-1:TOTAL_l3hit:0.58:0
22_09_25-21:40:51-1:SKT1_l2mpi:0:0
22_09_25-21:40:51-1:SKT0_l3mpi:0:0
22_09_25-21:40:51-1:SKT1_ipc:0.37:0
