22_09_25-21:40:51-3:SKT0_l2mpi:0.0001:0
22_09_25-21:40:51-3:SKT1_l3mpi:0:0
22_09_25-21:40:51-3:SKT0_l2hit:0.72:0
22_09_25-21:40:51-3:SKT1_l3hit:0.71:0
22_09_25-21:40:51-3:SKT0_l3occ:30480:0
22_09_25-21:40:51-3:TOTAL_ipc:0.38:0
22_09_25-21:40:51-3:SKT1_l2miss:725000:0
22_09_25-21:40:51-3:SKT0_l3miss:769000:0
22_09_25-21:40:51-3:TOTAL_l2mpi:0.0001:0
22_09_25-21:40:51-3:Memory:35.58:0
22_09_25-21:40:51-3:TOTAL_l3miss:977000:0
22_09_25-21:40:51-3:TOTAL_l2hit:0.68:0
22_09_25-21:40:51-3:TOTAL_l3occ:0:0
22_09_25-21:40:51-3:Write:17.23:0
22_09_25-21:40:51-3:SKT0_ipc:0.39:0
22_09_25-21:40:51-3:Read:18.34:0
22_09_25-21:40:51-3:SKT1_ipc:0.37:0
22_09_25-21:40:51-3:SKT1_l3occ:15552:0
22_09_25-21:40:51-3:SKT0_l2miss:1442000:0
22_09_25-21:40:51-3:SKT1_l3miss:208000:0
22_09_25-21:40:51-3:SKT1_l2hit:0.57:0
22_09_25-21:40:51-3:SKT0_l3hit:0.47:0
22_09_25-21:40:51-3:SKT0_l3mpi:0:0
22_09_25-21:40:51-3:SKT1_l2mpi:0:0
22_09_25-21:40:51-3:TOTAL_l3hit:0.55:0
22_09_25-21:40:51-3:TOTAL_l2miss:2168000:0
22_09_25-21:40:51-3:TOTAL_l3mpi:0:0
