22_09_25-17:02:31-3:SKT1_ipc:0.37:0
22_09_25-17:02:31-3:SKT1_l3occ:12816:0
22_09_25-17:02:31-3:SKT0_l2miss:1474000:0
22_09_25-17:02:31-3:SKT1_l3miss:215000:0
22_09_25-17:02:31-3:SKT0_l3hit:0.49:0
22_09_25-17:02:31-3:SKT1_l2hit:0.56:0
22_09_25-17:02:31-3:SKT0_l3mpi:0:0
22_09_25-17:02:31-3:SKT1_l2mpi:0:0
22_09_25-17:02:31-3:TOTAL_l3hit:0.57:0
22_09_25-17:02:31-3:TOTAL_l3mpi:0:0
22_09_25-17:02:31-3:TOTAL_l2miss:2252000:0
22_09_25-17:02:31-3:SKT0_l2mpi:0.0001:0
22_09_25-17:02:31-3:SKT1_l3mpi:0:0
22_09_25-17:02:31-3:SKT0_l2hit:0.68:0
22_09_25-17:02:31-3:SKT1_l3hit:0.72:0
22_09_25-17:02:31-3:TOTAL_ipc:0.38:0
22_09_25-17:02:31-3:SKT0_l3occ:30480:0
22_09_25-17:02:31-3:SKT1_l2miss:778000:0
22_09_25-17:02:31-3:SKT0_l3miss:746000:0
22_09_25-17:02:31-3:TOTAL_l2mpi:0.0001:0
22_09_25-17:02:31-3:TOTAL_l3miss:961000:0
22_09_25-17:02:31-3:Memory:35.54:0
22_09_25-17:02:31-3:TOTAL_l2hit:0.65:0
22_09_25-17:02:31-3:TOTAL_l3occ:0:0
22_09_25-17:02:31-3:SKT0_ipc:0.38:0
22_09_25-17:02:31-3:Read:18.32:0
22_09_25-17:02:31-3:Write:17.23:0
