22_09_25-21:40:51-2:SKT0_l2mpi:0.0001:0
22_09_25-21:40:51-2:SKT1_l3mpi:0:0
22_09_25-21:40:51-2:SKT0_l2hit:0.62:0
22_09_25-21:40:51-2:SKT1_l3hit:0.72:0
22_09_25-21:40:51-2:TOTAL_ipc:0.38:0
22_09_25-21:40:51-2:SKT0_l3occ:30912:0
22_09_25-21:40:51-2:SKT1_l2miss:758000:0
22_09_25-21:40:51-2:SKT0_l3miss:790000:0
22_09_25-21:40:51-2:TOTAL_l2mpi:0.0001:0
22_09_25-21:40:51-2:Memory:35.64:0
22_09_25-21:40:51-2:TOTAL_l3miss:1002000:0
22_09_25-21:40:51-2:TOTAL_l2hit:0.6:0
22_09_25-21:40:51-2:TOTAL_l3occ:0:0
22_09_25-21:40:51-2:Read:18.24:0
22_09_25-21:40:51-2:SKT0_ipc:0.38:0
22_09_25-21:40:51-2:Write:17.4:0
22_09_25-21:40:51-2:SKT1_ipc:0.37:0
22_09_25-21:40:51-2:SKT1_l3occ:14928:0
22_09_25-21:40:51-2:SKT1_l3miss:212000:0
22_09_25-21:40:51-2:SKT0_l2miss:1459000:0
22_09_25-21:40:51-2:SKT1_l2hit:0.57:0
22_09_25-21:40:51-2:SKT0_l3hit:0.46:0
22_09_25-21:40:51-2:SKT1_l2mpi:0:0
22_09_25-21:40:51-2:SKT0_l3mpi:0:0
22_09_25-21:40:51-2:TOTAL_l3hit:0.55:0
22_09_25-21:40:51-2:TOTAL_l3mpi:0:0
22_09_25-21:40:51-2:TOTAL_l2miss:2217000:0
