22_09_25-17:02:31-1:TOTAL_l3occ:0:0
22_09_25-17:02:31-1:Read:17.93:0
22_09_25-17:02:31-1:SKT0_ipc:0.39:0
22_09_25-17:02:31-1:Write:16.86:0
22_09_25-17:02:31-1:TOTAL_l3miss:960000:0
22_09_25-17:02:31-1:TOTAL_l2mpi:0.0001:0
22_09_25-17:02:31-1:Memory:34.79:0
22_09_25-17:02:31-1:TOTAL_l2hit:0.69:0
22_09_25-17:02:31-1:SKT1_l3hit:0.71:0
22_09_25-17:02:31-1:SKT0_l2hit:0.73:0
22_09_25-17:02:31-1:TOTAL_ipc:0.38:0
22_09_25-17:02:31-1:SKT0_l3occ:30144:0
22_09_25-17:02:31-1:SKT0_l3miss:730000:0
22_09_25-17:02:31-1:SKT1_l2miss:798000:0
22_09_25-17:02:31-1:SKT0_l2mpi:0.0001:0
22_09_25-17:02:31-1:SKT1_l3mpi:0:0
22_09_25-17:02:31-1:SKT1_l2mpi:0:0
22_09_25-17:02:31-1:SKT0_l3mpi:0:0
22_09_25-17:02:31-1:TOTAL_l3hit:0.56:0
22_09_25-17:02:31-1:TOTAL_l2miss:2183000:0
22_09_25-17:02:31-1:TOTAL_l3mpi:0:0
22_09_25-17:02:31-1:SKT1_l3occ:13248:0
22_09_25-17:02:31-1:SKT1_l3miss:229000:0
22_09_25-17:02:31-1:SKT0_l2miss:1385000:0
22_09_25-17:02:31-1:SKT0_l3hit:0.47:0
22_09_25-17:02:31-1:SKT1_l2hit:0.56:0
22_09_25-17:02:31-1:SKT1_ipc:0.37:0
