22_09_25-18:26:39-1:SKT0_l2hit:0.63:0
22_09_25-18:26:39-1:SKT1_l3hit:0.71:0
22_09_25-18:26:39-1:TOTAL_ipc:0.38:0
22_09_25-18:26:39-1:SKT0_l3occ:30240:0
22_09_25-18:26:39-1:SKT1_l2miss:696000:0
22_09_25-18:26:39-1:SKT0_l3miss:654000:0
22_09_25-18:26:39-1:SKT0_l2mpi:0.0001:0
22_09_25-18:26:39-1:SKT1_l3mpi:0:0
22_09_25-18:26:39-1:TOTAL_l3occ:0:0
22_09_25-18:26:39-1:Write:17.14:0
22_09_25-18:26:39-1:SKT0_ipc:0.38:0
22_09_25-18:26:39-1:Read:18.32:0
22_09_25-18:26:39-1:TOTAL_l2mpi:0:0
22_09_25-18:26:39-1:TOTAL_l3miss:855000:0
22_09_25-18:26:39-1:Memory:35.45:0
22_09_25-18:26:39-1:TOTAL_l2hit:0.61:0
22_09_25-18:26:39-1:SKT1_ipc:0.37:0
22_09_25-18:26:39-1:SKT0_l3mpi:0:0
22_09_25-18:26:39-1:SKT1_l2mpi:0:0
22_09_25-18:26:39-1:TOTAL_l3hit:0.57:0
22_09_25-18:26:39-1:TOTAL_l3mpi:0:0
22_09_25-18:26:39-1:TOTAL_l2miss:2009000:0
22_09_25-18:26:39-1:SKT1_l3occ:12432:0
22_09_25-18:26:39-1:SKT0_l2miss:1312000:0
22_09_25-18:26:39-1:SKT1_l3miss:200000:0
22_09_25-18:26:39-1:SKT0_l3hit:0.5:0
22_09_25-18:26:39-1:SKT1_l2hit:0.58:0
